#
# There is insufficient memory for the Java Runtime Environment to continue.
# Native memory allocation (mmap) failed to map 132120576 bytes for Failed to commit area from 0x0000000082c00000 to 0x000000008aa00000 of length 132120576.
# Possible reasons:
#   The system is out of physical RAM or swap space
#   The process is running with CompressedOops enabled, and the Java Heap may be blocking the growth of the native heap
# Possible solutions:
#   Reduce memory load on the system
#   Increase physical memory or swap space
#   Check if swap backing store is full
#   Decrease Java heap size (-Xmx/-Xms)
#   Decrease number of Java threads
#   Decrease Java thread stack sizes (-Xss)
#   Set larger code cache with -XX:ReservedCodeCacheSize=
# This output file may be truncated or incomplete.
#
#  Out of Memory Error (./src/hotspot/os/windows/os_windows.cpp:3619), pid=6464, tid=6680
#
# JRE version:  (11.0.13) (build )
# Java VM: OpenJDK 64-Bit Server VM (11.0.13+0-b1751.21-8125866, mixed mode, sharing, tiered, compressed oops, g1 gc, windows-amd64)
# No core dump will be written. Minidumps are not enabled by default on client versions of Windows
#

---------------  S U M M A R Y ------------

Command Line: org.jetbrains.kotlin.cli.jvm.K2JVMCompiler @E:\Code\Python\MegaRun-II\app\build\20241225_4400776032337264946.compiler.options

Host: Intel(R) Core(TM) i5-10210U CPU @ 1.60GHz, 8 cores, 7G,  Windows 11 , 64 bit Build 22621 (10.0.22621.3958)
Time: Wed Dec 25 00:21:17 2024 Sri Lanka Standard Time elapsed time: 0.014459 seconds (0d 0h 0m 0s)

---------------  T H R E A D  ---------------

Current thread (0x000001536b904000):  JavaThread "Unknown thread" [_thread_in_vm, id=6680, stack(0x00000004bf300000,0x00000004bf400000)]

Stack: [0x00000004bf300000,0x00000004bf400000]
Native frames: (J=compiled Java code, j=interpreted, Vv=VM code, C=native code)
V  [jvm.dll+0x6100fa]
V  [jvm.dll+0x747090]
V  [jvm.dll+0x7486ad]
V  [jvm.dll+0x748d83]
V  [jvm.dll+0x24ab48]
V  [jvm.dll+0x60d164]
V  [jvm.dll+0x601e75]
V  [jvm.dll+0x308bdb]
V  [jvm.dll+0x308b4a]
V  [jvm.dll+0x308a22]
V  [jvm.dll+0x30d986]
V  [jvm.dll+0x357093]
V  [jvm.dll+0x357796]
V  [jvm.dll+0x357193]
V  [jvm.dll+0x2e3448]
V  [jvm.dll+0x2e45f7]
V  [jvm.dll+0x7242e7]
V  [jvm.dll+0x725adc]
V  [jvm.dll+0x364629]
V  [jvm.dll+0x707cee]
V  [jvm.dll+0x3d2633]
V  [jvm.dll+0x3d4a21]
C  [jli.dll+0x536b]
C  [ucrtbase.dll+0x29333]
C  [KERNEL32.DLL+0x1257d]
C  [ntdll.dll+0x5af28]


---------------  P R O C E S S  ---------------

Threads class SMR info:
_java_thread_list=0x000001536b648190, length=0, elements={
}

Java Threads: ( => current thread )

Other Threads:
  0x000001536b91c000 GCTaskThread "GC Thread#0" [stack: 0x00000004bf400000,0x00000004bf500000] [id=17796]
  0x000001536b94f000 ConcurrentGCThread "G1 Main Marker" [stack: 0x00000004bf500000,0x00000004bf600000] [id=8736]
  0x000001536b950000 ConcurrentGCThread "G1 Conc#0" [stack: 0x00000004bf600000,0x00000004bf700000] [id=4372]

[error occurred during error reporting (printing all threads), id 0xc0000005, EXCEPTION_ACCESS_VIOLATION (0xc0000005) at pc=0x00007fff0f073dd7]

VM state:not at safepoint (not fully initialized)

VM Mutex/Monitor currently owned by a thread:  ([mutex/lock_event])
[0x000001536b900c30] Heap_lock - owner thread: 0x000001536b904000

Heap address: 0x0000000082c00000, size: 2004 MB, Compressed Oops mode: Non-zero based: 0x0000000082c00000
Narrow klass base: 0x0000000000000000, Narrow klass shift: 0

GC Heap History (0 events):
No events

Deoptimization events (0 events):
No events

Classes redefined (0 events):
No events

Internal exceptions (0 events):
No events

Events (1 events):
Event: 0.007 Loaded shared library D:\Programs\Android\Android Studio\jre\bin\zip.dll


Dynamic libraries:
0x00007ff6a7790000 - 0x00007ff6a779a000 	D:\Programs\Android\Android Studio\jre\bin\java.exe
0x00007fff8d8b0000 - 0x00007fff8dac7000 	C:\Windows\SYSTEM32\ntdll.dll
0x00007fff8cc70000 - 0x00007fff8cd34000 	C:\Windows\System32\KERNEL32.DLL
0x00007fff8afc0000 - 0x00007fff8b36d000 	C:\Windows\System32\KERNELBASE.dll
0x00007fff8ae30000 - 0x00007fff8af41000 	C:\Windows\System32\ucrtbase.dll
0x00007fff76480000 - 0x00007fff76499000 	D:\Programs\Android\Android Studio\jre\bin\jli.dll
0x00007fff6dd40000 - 0x00007fff6dd57000 	D:\Programs\Android\Android Studio\jre\bin\VCRUNTIME140.dll
0x00007fff8d4d0000 - 0x00007fff8d67e000 	C:\Windows\System32\USER32.dll
0x00007fff7bce0000 - 0x00007fff7bf73000 	C:\Windows\WinSxS\amd64_microsoft.windows.common-controls_6595b64144ccf1df_6.0.22621.3672_none_2713b9d173822955\COMCTL32.dll
0x00007fff8b4c0000 - 0x00007fff8b4e6000 	C:\Windows\System32\win32u.dll
0x00007fff8c120000 - 0x00007fff8c1c7000 	C:\Windows\System32\msvcrt.dll
0x00007fff8bf40000 - 0x00007fff8bf69000 	C:\Windows\System32\GDI32.dll
0x00007fff8b370000 - 0x00007fff8b489000 	C:\Windows\System32\gdi32full.dll
0x00007fff8aba0000 - 0x00007fff8ac3a000 	C:\Windows\System32\msvcp_win.dll
0x00007fff8cc30000 - 0x00007fff8cc61000 	C:\Windows\System32\IMM32.DLL
0x00007fff40970000 - 0x00007fff40a0d000 	D:\Programs\Android\Android Studio\jre\bin\msvcp140.dll
0x00007fff0ed80000 - 0x00007fff0f882000 	D:\Programs\Android\Android Studio\jre\bin\server\jvm.dll
0x00007fff8d410000 - 0x00007fff8d4c2000 	C:\Windows\System32\ADVAPI32.dll
0x00007fff8bbd0000 - 0x00007fff8bc79000 	C:\Windows\System32\sechost.dll
0x00007fff8b490000 - 0x00007fff8b4b8000 	C:\Windows\System32\bcrypt.dll
0x00007fff8bab0000 - 0x00007fff8bbc4000 	C:\Windows\System32\RPCRT4.dll
0x00007fff8cbf0000 - 0x00007fff8cbf8000 	C:\Windows\System32\PSAPI.DLL
0x00007fff50b50000 - 0x00007fff50b59000 	C:\Windows\SYSTEM32\WSOCK32.dll
0x00007fff7c1f0000 - 0x00007fff7c224000 	C:\Windows\SYSTEM32\WINMM.dll
0x00007fff82130000 - 0x00007fff8213a000 	C:\Windows\SYSTEM32\VERSION.dll
0x00007fff8bce0000 - 0x00007fff8bd51000 	C:\Windows\System32\WS2_32.dll
0x00007fff89bb0000 - 0x00007fff89bc8000 	C:\Windows\SYSTEM32\kernel.appcore.dll
0x00007fff76640000 - 0x00007fff76651000 	D:\Programs\Android\Android Studio\jre\bin\verify.dll
0x00007fff85450000 - 0x00007fff85682000 	C:\Windows\SYSTEM32\DBGHELP.DLL
0x00007fff8cea0000 - 0x00007fff8d22e000 	C:\Windows\System32\combase.dll
0x00007fff8d680000 - 0x00007fff8d757000 	C:\Windows\System32\OLEAUT32.dll
0x00007fff73ae0000 - 0x00007fff73b12000 	C:\Windows\SYSTEM32\dbgcore.DLL
0x00007fff8adb0000 - 0x00007fff8ae2b000 	C:\Windows\System32\bcryptPrimitives.dll
0x00007fff76500000 - 0x00007fff76529000 	D:\Programs\Android\Android Studio\jre\bin\java.dll
0x00007fff767b0000 - 0x00007fff767bb000 	D:\Programs\Android\Android Studio\jre\bin\jimage.dll
0x00007fff74050000 - 0x00007fff74068000 	D:\Programs\Android\Android Studio\jre\bin\zip.dll

dbghelp: loaded successfully - version: 4.0.5 - missing functions: none
symbol engine: initialized successfully - sym options: 0x614 - pdb path: .;D:\Programs\Android\Android Studio\jre\bin;C:\Windows\SYSTEM32;C:\Windows\WinSxS\amd64_microsoft.windows.common-controls_6595b64144ccf1df_6.0.22621.3672_none_2713b9d173822955;D:\Programs\Android\Android Studio\jre\bin\server

VM Arguments:
java_command: org.jetbrains.kotlin.cli.jvm.K2JVMCompiler @E:\Code\Python\MegaRun-II\app\build\20241225_4400776032337264946.compiler.options
java_class_path (initial): C:\Users\TK\.gradle\caches\modules-2\files-2.1\org.jetbrains.kotlin\kotlin-compiler-embeddable\1.7.20\8db18559a581dd2c36ddfd5046af145650f5b126\kotlin-compiler-embeddable-1.7.20.jar;C:\Users\TK\.gradle\caches\modules-2\files-2.1\org.jetbrains.kotlin\kotlin-reflect\1.7.20\12b2501e33bb6373e8e347c86d85481863629381\kotlin-reflect-1.7.20.jar;C:\Users\TK\.gradle\caches\modules-2\files-2.1\org.jetbrains.kotlin\kotlin-stdlib\1.7.20\726594ea9ba2beb2ee113647fefa9a10f9fabe52\kotlin-stdlib-1.7.20.jar;C:\Users\TK\.gradle\caches\modules-2\files-2.1\org.jetbrains.kotlin\kotlin-script-runtime\1.7.20\bcd1cc6f865e632550357fcc59f5ffd532615a8\kotlin-script-runtime-1.7.20.jar;C:\Users\TK\.gradle\caches\modules-2\files-2.1\org.jetbrains.kotlin\kotlin-daemon-embeddable\1.7.20\1e24355adad8d529d75d5b19eab55484057431ba\kotlin-daemon-embeddable-1.7.20.jar;C:\Users\TK\.gradle\caches\modules-2\files-2.1\org.jetbrains.intellij.deps\trove4j\1.0.20200330\3afb14d5f9ceb459d724e907a21145e8ff394f02\trove4j-1.0.20200330.jar;C:\Users\TK\.gradle\caches\modules-2\files-2.1\net.java.dev.jna\jna\5.6.0\330f2244e9030119ab3030fc3fededc86713d9cc\jna-5.6.0.jar;C:\Users\TK\.gradle\caches\modules-2\files-2.1\org.jetbrains.kotlin\kotlin-stdlib-common\1.7.20\e15351bdaf9fa06f009be5da7a202e4184f00ae3\kotlin-stdlib-common-1.7.20.jar;C:\Users\TK\.gradle\caches\modules-2\files-2.1\org.jetbrains\annotations\13.0\919f0dfe192fb4e063e7dacadee7f8bb9a2672a9\annotations-13.0.jar
Launcher Type: SUN_STANDARD

[Global flags]
     intx CICompilerCount                          = 4                                         {product} {ergonomic}
     uint ConcGCThreads                            = 2                                         {product} {ergonomic}
     uint G1ConcRefinementThreads                  = 8                                         {product} {ergonomic}
   size_t G1HeapRegionSize                         = 1048576                                   {product} {ergonomic}
    uintx GCDrainStackTargetSize                   = 64                                        {product} {ergonomic}
   size_t InitialHeapSize                          = 132120576                                 {product} {ergonomic}
   size_t MarkStackSize                            = 4194304                                   {product} {ergonomic}
   size_t MaxHeapSize                              = 2101346304                                {product} {ergonomic}
   size_t MinHeapDeltaBytes                        = 1048576                                   {product} {ergonomic}
    uintx NonNMethodCodeHeapSize                   = 5836300                                {pd product} {ergonomic}
    uintx NonProfiledCodeHeapSize                  = 122910970                              {pd product} {ergonomic}
    uintx ProfiledCodeHeapSize                     = 122910970                              {pd product} {ergonomic}
    uintx ReservedCodeCacheSize                    = 251658240                              {pd product} {ergonomic}
     bool SegmentedCodeCache                       = true                                      {product} {ergonomic}
     bool UseCompressedClassPointers               = true                                 {lp64_product} {ergonomic}
     bool UseCompressedOops                        = true                                 {lp64_product} {ergonomic}
     bool UseG1GC                                  = true                                      {product} {ergonomic}
     bool UseLargePagesIndividualAllocation        = false                                  {pd product} {ergonomic}

Logging:
Log output configuration:
 #0: stdout all=warning uptime,level,tags
 #1: stderr all=off uptime,level,tags

Environment Variables:
PATH=C:\Program Files\Common Files\Oracle\Java\javapath;C:\Program Files (x86)\Common Files\Oracle\Java\java8path;C:\Program Files (x86)\Common Files\Oracle\Java\javapath;C:\Windows\system32;C:\Windows;C:\Windows\System32\Wbem;C:\Windows\System32\WindowsPowerShell\v1.0\;C:\Windows\System32\OpenSSH\;C:\Program Files\dotnet\;C:\Program Files (x86)\dotnet\;D:\TOOLS\bin;E:\Softawers\Windows\3.Development Tools\Android_SDK__Tools\SDK_Bundle\platform-tools;D:\Programs\Git\cmd;C:\ProgramData\chocolatey\bin;C:\JupyterLab;C:\Program Files\Cloudflare\Cloudflare WARP\;D:\Programs\nodejs\;D:\TOOLS\MinWG\bin;D:\perl\c\bin;D:\perl\perl\site\bin;D:\perl\perl\bin;D:\TOOLS\MinWG\libexec\gcc\mingw32\6.3.0;C:\Program Files\NVIDIA Corporation\NVIDIA NvDLISR;C:\Program Files (x86)\NVIDIA Corporation\PhysX\Common;D:\Programs\AutoLyric;D:\TOOLS\ffmpeg\bin;D:\Programs\010 Editor;D:\Python311\Scripts\;D:\Python311\;C:\Users\TK\AppData\Local\Microsoft\WindowsApps;C:\Users\TK\.dotnet\tools;D:\Programs\retoolkit\network\nmap;D:\Programs\retoolkit\bin;D:\Programs\retoolkit\android\dex2jar;D:\Programs\retoolkit\debuggers\hyperdbg;D:\Programs\retoolkit\dotnet\de4dot;D:\Programs\retoolkit\ole\lessmsi;D:\Programs\retoolkit\ole\officemalscanner;D:\Programs\retoolkit\processinspection\hollowshunter;D:\Programs\retoolkit\processinspection\observer;D:\Programs\retoolkit\processinspection\pesieve;D:\Programs\retoolkit\programming\winpython\python-3.11.3.amd64;D:\Programs\retoolkit\utilities\winapiexec;D:\Programs\mitmproxy\bin;D:\Programs\retoolkit\network\nmap;C:\Users\TK\AppData\Roaming\npm;C:\Users\TK\AppData\Local\Programs\Microsoft VS Code\bin;D:\Programs\JetBrains\JetBrains Rider 2020.1.0\bin;;D:\Programs\JetBrains\IntelliJ IDEA Community Edition 2019.1.2\bin;
USERNAME=TK
OS=Windows_NT
PROCESSOR_IDENTIFIER=Intel64 Family 6 Model 142 Stepping 12, GenuineIntel



---------------  S Y S T E M  ---------------

OS: Windows 11 , 64 bit Build 22621 (10.0.22621.3958)
OS uptime: 2 days 5:02 hours
Hyper-V role detected

CPU:total 8 (initial active 8) (4 cores per cpu, 2 threads per core) family 6 model 142 stepping 12 microcode 0xea, cmov, cx8, fxsr, mmx, sse, sse2, sse3, ssse3, sse4.1, sse4.2, popcnt, avx, avx2, aes, clmul, erms, 3dnowpref, lzcnt, ht, tsc, tscinvbit, bmi1, bmi2, adx, fma

Memory: 4k page, system-wide physical 8013M (267M free)
TotalPageFile size 16201M (AvailPageFile size 99M)
current process WorkingSet (physical memory assigned to process): 11M, peak: 11M
current process commit charge ("private bytes"): 60M, peak: 186M

vm_info: OpenJDK 64-Bit Server VM (11.0.13+0-b1751.21-8125866) for windows-amd64 JRE (11.0.13+0-b1751.21-8125866), built on Feb  2 2022 03:00:22 by "builder" with MS VC++ 14.0 (VS2015)

END.
